------------------------------------------------------------------------
r585 | jbothun@concentricsky.com | 2012-03-16 21:19:33 +0100 (Fri, 16 Mar 2012) | 2 lines

fix address card city line rendering (fixes #39)

------------------------------------------------------------------------
r584 | jbothun@concentricsky.com | 2012-03-16 21:12:23 +0100 (Fri, 16 Mar 2012) | 2 lines

fix some text writer formatting issues (partially fixes #38)

------------------------------------------------------------------------
r583 | jbothun@concentricsky.com | 2011-12-03 00:23:01 +0100 (Sat, 03 Dec 2011) | 2 lines

added icon, moved verison to safer py file

------------------------------------------------------------------------
r582 | jbothun@concentricsky.com | 2011-11-29 23:38:25 +0100 (Tue, 29 Nov 2011) | 2 lines

renamed GUI debug test launcher

------------------------------------------------------------------------
r581 | jbothun@concentricsky.com | 2011-11-28 18:19:32 +0100 (Mon, 28 Nov 2011) | 2 lines

bump version

------------------------------------------------------------------------
r580 | jbothun@concentricsky.com | 2011-11-28 18:17:26 +0100 (Mon, 28 Nov 2011) | 2 lines

remove unused dateutil import

------------------------------------------------------------------------
r579 | jbothun@concentricsky.com | 2011-11-24 01:43:51 +0100 (Thu, 24 Nov 2011) | 2 lines

bump gui version number for newer cli core

------------------------------------------------------------------------
r578 | jbothun@concentricsky.com | 2011-11-24 01:40:45 +0100 (Thu, 24 Nov 2011) | 2 lines

rebuild ui, doc for GUI

------------------------------------------------------------------------
r577 | jbothun@concentricsky.com | 2011-11-15 03:33:46 +0100 (Tue, 15 Nov 2011) | 2 lines

added period detection for initials on top block too

------------------------------------------------------------------------
r576 | jbothun@concentricsky.com | 2011-11-15 03:16:42 +0100 (Tue, 15 Nov 2011) | 2 lines

fixed LF on header/footer to CRLF

------------------------------------------------------------------------
r575 | jbothun@concentricsky.com | 2011-11-15 03:04:23 +0100 (Tue, 15 Nov 2011) | 2 lines

fixed double space error in boilerplate

------------------------------------------------------------------------
r574 | jbothun@concentricsky.com | 2011-11-15 02:42:47 +0100 (Tue, 15 Nov 2011) | 2 lines

added rfc boilerplate unit tests to repo

------------------------------------------------------------------------
r573 | jbothun@concentricsky.com | 2011-11-15 02:31:14 +0100 (Tue, 15 Nov 2011) | 2 lines

added double spacing to boilerplate concatenation, and period detection to author initials in references

------------------------------------------------------------------------
r572 | jbothun@concentricsky.com | 2011-11-15 01:02:41 +0100 (Tue, 15 Nov 2011) | 2 lines

adjustment to IRTF boilerplate with no workgroup

------------------------------------------------------------------------
r571 | jbothun@concentricsky.com | 2011-11-15 00:42:41 +0100 (Tue, 15 Nov 2011) | 2 lines

adjustment to date handling, added svn:ignore for python setuptools output

------------------------------------------------------------------------
r570 | jbothun@concentricsky.com | 2011-11-15 00:36:45 +0100 (Tue, 15 Nov 2011) | 2 lines

added top block unit tests to repo

------------------------------------------------------------------------
r569 | jbothun@concentricsky.com | 2011-11-15 00:36:18 +0100 (Tue, 15 Nov 2011) | 2 lines

updated unit test script

------------------------------------------------------------------------
r568 | jbothun@concentricsky.com | 2011-11-14 23:45:12 +0100 (Mon, 14 Nov 2011) | 2 lines

enable svn:ignore for failed unit test output

------------------------------------------------------------------------
r567 | jbothun@concentricsky.com | 2011-11-14 23:43:15 +0100 (Mon, 14 Nov 2011) | 2 lines

added unit tests to repo

------------------------------------------------------------------------
r566 | jbothun@concentricsky.com | 2011-11-14 23:39:37 +0100 (Mon, 14 Nov 2011) | 2 lines

adjust nroff footer

------------------------------------------------------------------------
r565 | jbothun@concentricsky.com | 2011-11-14 23:33:49 +0100 (Mon, 14 Nov 2011) | 2 lines

fixed RFC footer

------------------------------------------------------------------------
r564 | jbothun@concentricsky.com | 2011-11-14 22:39:41 +0100 (Mon, 14 Nov 2011) | 2 lines

updated boilerplate according to RFC5741

------------------------------------------------------------------------
r563 | jbothun@concentricsky.com | 2011-11-12 02:26:31 +0100 (Sat, 12 Nov 2011) | 4 lines

added support for document stream, subseries ID, and ISSN in header.

cleaned up some text formatting in header

------------------------------------------------------------------------
r562 | jbothun@concentricsky.com | 2011-11-11 22:47:20 +0100 (Fri, 11 Nov 2011) | 2 lines

refactored header/footer and status/copyright rendering into methods

------------------------------------------------------------------------
r561 | jbothun@concentricsky.com | 2011-11-10 02:07:01 +0100 (Thu, 10 Nov 2011) | 2 lines

improved column weight algorithm for rendering text tables.  added 'none' type support

------------------------------------------------------------------------
r560 | jbothun@concentricsky.com | 2011-11-08 01:22:17 +0100 (Tue, 08 Nov 2011) | 2 lines

cleaned up doc directory

------------------------------------------------------------------------
r559 | jbothun@concentricsky.com | 2011-11-08 01:20:11 +0100 (Tue, 08 Nov 2011) | 2 lines

added dependencies to sphinx documentation

------------------------------------------------------------------------
r558 | jbothun@concentricsky.com | 2011-11-08 01:18:22 +0100 (Tue, 08 Nov 2011) | 2 lines

updated setup file for new readme

------------------------------------------------------------------------
r557 | jbothun@concentricsky.com | 2011-11-08 01:17:06 +0100 (Tue, 08 Nov 2011) | 2 lines

merged install/readme into README.rst with markup for pypi

------------------------------------------------------------------------
r556 | jbothun@concentricsky.com | 2011-11-08 00:52:53 +0100 (Tue, 08 Nov 2011) | 2 lines

updated documentation

------------------------------------------------------------------------
r555 | jbothun@concentricsky.com | 2011-10-25 23:28:26 +0200 (Tue, 25 Oct 2011) | 2 lines

updated gui to handle new core writer error class

------------------------------------------------------------------------
r554 | jbothun@concentricsky.com | 2011-10-25 23:13:26 +0200 (Tue, 25 Oct 2011) | 6 lines

added halting error for invalid ipr values

- bumped to ver 2.3.3
- improved various error handling
- removed --warn-error option

------------------------------------------------------------------------
r553 | jbothun@concentricsky.com | 2011-10-20 23:24:27 +0200 (Thu, 20 Oct 2011) | 2 lines

gui attempts to make /usr/local/bin on osx if it doesnt exist to install script

------------------------------------------------------------------------
r552 | jbothun@concentricsky.com | 2011-10-19 01:02:55 +0200 (Wed, 19 Oct 2011) | 2 lines

added first-run prompt to GUI for installing the CLI

------------------------------------------------------------------------
r551 | jbothun@concentricsky.com | 2011-10-18 23:52:43 +0200 (Tue, 18 Oct 2011) | 2 lines

updated help text

------------------------------------------------------------------------
r550 | jbothun@concentricsky.com | 2011-10-18 23:39:17 +0200 (Tue, 18 Oct 2011) | 2 lines

changed help display

------------------------------------------------------------------------
r549 | jbothun@concentricsky.com | 2011-10-18 22:56:43 +0200 (Tue, 18 Oct 2011) | 2 lines

small tweak to cli script to allow for py2app loading

------------------------------------------------------------------------
r548 | jbothun@concentricsky.com | 2011-10-18 22:12:17 +0200 (Tue, 18 Oct 2011) | 2 lines

bumped version number on gui

------------------------------------------------------------------------
r547 | jbothun@concentricsky.com | 2011-10-18 04:14:08 +0200 (Tue, 18 Oct 2011) | 2 lines

added gui dialog to install command line script, only supported for osx so far

------------------------------------------------------------------------
r546 | jbothun@concentricsky.com | 2011-10-07 21:36:54 +0200 (Fri, 07 Oct 2011) | 2 lines

improved deployment platform path handling

------------------------------------------------------------------------
r545 | jbothun@concentricsky.com | 2011-10-07 19:37:49 +0200 (Fri, 07 Oct 2011) | 2 lines

fixed template path bug on OSX

------------------------------------------------------------------------
r544 | jbothun@concentricsky.com | 2011-10-05 23:27:49 +0200 (Wed, 05 Oct 2011) | 2 lines

cleaned up index

------------------------------------------------------------------------
r543 | jbothun@concentricsky.com | 2011-10-05 23:19:18 +0200 (Wed, 05 Oct 2011) | 2 lines

added icon, asset script, updated about window

------------------------------------------------------------------------
r542 | jbothun@concentricsky.com | 2011-10-03 23:25:38 +0200 (Mon, 03 Oct 2011) | 2 lines

added equivalent dtd validation enable option in GUI

------------------------------------------------------------------------
r541 | jbothun@concentricsky.com | 2011-10-03 23:21:47 +0200 (Mon, 03 Oct 2011) | 2 lines

fixed html writer python exception

------------------------------------------------------------------------
r540 | jbothun@concentricsky.com | 2011-09-29 02:54:10 +0200 (Thu, 29 Sep 2011) | 4 lines

added command line option "--no-dtd" option

added several safety net measures for processing with no DTD

------------------------------------------------------------------------
r539 | jbothun@concentricsky.com | 2011-09-28 01:41:45 +0200 (Wed, 28 Sep 2011) | 2 lines

added line numbers to 'include' processing instruction errors

------------------------------------------------------------------------
r538 | jbothun@concentricsky.com | 2011-09-28 00:33:17 +0200 (Wed, 28 Sep 2011) | 2 lines

fixed bug in GUI prompting xml being modified when it wasnt

------------------------------------------------------------------------
r537 | jbothun@concentricsky.com | 2011-09-24 02:35:43 +0200 (Sat, 24 Sep 2011) | 2 lines

fixed vspace elements for nroff

------------------------------------------------------------------------
r536 | jbothun@concentricsky.com | 2011-09-24 01:19:00 +0200 (Sat, 24 Sep 2011) | 2 lines

fixed bullet indentation/alignment on text output using list style=hanging

------------------------------------------------------------------------
r535 | jbothun@concentricsky.com | 2011-09-21 00:40:23 +0200 (Wed, 21 Sep 2011) | 2 lines

added package classifiers to setup file

------------------------------------------------------------------------
r534 | jbothun@concentricsky.com | 2011-09-21 00:31:04 +0200 (Wed, 21 Sep 2011) | 2 lines

added URL to setup.py

------------------------------------------------------------------------
r533 | jbothun@concentricsky.com | 2011-09-16 22:56:16 +0200 (Fri, 16 Sep 2011) | 2 lines

updated GUI documentation

------------------------------------------------------------------------
r532 | jbothun@concentricsky.com | 2011-09-14 01:53:23 +0200 (Wed, 14 Sep 2011) | 2 lines

added help documentation browser to gui

------------------------------------------------------------------------
r531 | jbothun@concentricsky.com | 2011-09-13 22:25:50 +0200 (Tue, 13 Sep 2011) | 2 lines

updated documentation for v2.2.5

------------------------------------------------------------------------
r530 | jbothun@concentricsky.com | 2011-09-13 21:47:28 +0200 (Tue, 13 Sep 2011) | 2 lines

updated README

------------------------------------------------------------------------
r529 | jbothun@concentricsky.com | 2011-09-13 21:44:05 +0200 (Tue, 13 Sep 2011) | 2 lines

updated html.py docstring

------------------------------------------------------------------------
r528 | jbothun@concentricsky.com | 2011-09-10 00:20:25 +0200 (Sat, 10 Sep 2011) | 2 lines

bugfix to xref labels

------------------------------------------------------------------------
r527 | jbothun@concentricsky.com | 2011-09-09 23:48:14 +0200 (Fri, 09 Sep 2011) | 2 lines

fixed page length bug

------------------------------------------------------------------------
r526 | jbothun@concentricsky.com | 2011-09-01 20:18:05 +0200 (Thu, 01 Sep 2011) | 7 lines

Version 2.2.4 updates

    - If no write cache can be found, a warning is shown, along with the attempted directories.  The application then recommends itself be ran with --cache. 
    - If no write cache can be found, parsing continues and URLs are loaded from the network.
    - Consistent error codes: 2 = improper command line usage, 1 = standard error, 0 = success
    - Fixed a couple leaks in document loading error handling

------------------------------------------------------------------------
r524 | jbothun@concentricsky.com | 2011-08-25 23:20:55 +0200 (Thu, 25 Aug 2011) | 4 lines

Caching resolver will print both URL and cache locations if --verbose

"Index" section skipped if no irefs are registered

------------------------------------------------------------------------
