------------------------------------------------------------------------
r481 | jbothun@concentricsky.com | 2011-08-04 03:08:34 +0200 (Thu, 04 Aug 2011) | 2 lines

.dtd and .ent requests both look in templates/ if not found

------------------------------------------------------------------------
r480 | jbothun@concentricsky.com | 2011-08-04 02:35:22 +0200 (Thu, 04 Aug 2011) | 2 lines

improved parser interface for GUI

------------------------------------------------------------------------
r479 | jbothun@concentricsky.com | 2011-08-03 21:43:42 +0200 (Wed, 03 Aug 2011) | 2 lines

pulled lib import out of setup script so dependencies can resolve first

------------------------------------------------------------------------
r478 | jbothun@concentricsky.com | 2011-08-03 02:45:40 +0200 (Wed, 03 Aug 2011) | 2 lines

fixed a bug causing the first section's page number to be rendered incorrectly

------------------------------------------------------------------------
r477 | jbothun@concentricsky.com | 2011-08-03 02:38:09 +0200 (Wed, 03 Aug 2011) | 2 lines

improved table of contents rendering to page break as normal

------------------------------------------------------------------------
r476 | jbothun@concentricsky.com | 2011-08-03 00:28:23 +0200 (Wed, 03 Aug 2011) | 2 lines

source dir defaults for citations is identical for entity requests as well

------------------------------------------------------------------------
r475 | jbothun@concentricsky.com | 2011-08-02 23:52:42 +0200 (Tue, 02 Aug 2011) | 2 lines

include instructions will default to the source directory of the input file instead of the current directory of the user

------------------------------------------------------------------------
r474 | jbothun@concentricsky.com | 2011-08-02 23:26:04 +0200 (Tue, 02 Aug 2011) | 2 lines

dtd command line option is working now

------------------------------------------------------------------------
r473 | jbothun@concentricsky.com | 2011-08-02 23:16:15 +0200 (Tue, 02 Aug 2011) | 2 lines

fixed bug with an unsafe XML lookup for references if DTD fails to load

------------------------------------------------------------------------
r472 | jbothun@concentricsky.com | 2011-08-02 22:59:43 +0200 (Tue, 02 Aug 2011) | 2 lines

fixed a bug where the parser would occasionally ask for an empty URL request

------------------------------------------------------------------------
r471 | jbothun@concentricsky.com | 2011-08-02 22:43:59 +0200 (Tue, 02 Aug 2011) | 6 lines

multiple updates:

    - setup.py will install to the current users home directory by default
    - improved citation loading/caching
    - caches resolve in the following order: [command line argument?], /var/cache/xml2rfc, $HOME/.cache/xml2rfc

------------------------------------------------------------------------
r470 | jbothun@concentricsky.com | 2011-08-02 19:36:17 +0200 (Tue, 02 Aug 2011) | 2 lines

added setup.cfg which currently contains the option to install to a uesrs home directory

------------------------------------------------------------------------
r465 | jbothun@concentricsky.com | 2011-07-29 23:26:32 +0200 (Fri, 29 Jul 2011) | 2 lines

bumped version number to 2.0.0

------------------------------------------------------------------------
