------------------------------------------------------------------------
r524 | jbothun@concentricsky.com | 2011-08-25 23:20:55 +0200 (Thu, 25 Aug 2011) | 4 lines

Caching resolver will print both URL and cache locations if --verbose

"Index" section skipped if no irefs are registered

------------------------------------------------------------------------
r522 | jbothun@concentricsky.com | 2011-08-25 20:44:25 +0200 (Thu, 25 Aug 2011) | 2 lines

removed print statement

------------------------------------------------------------------------
r521 | jbothun@concentricsky.com | 2011-08-25 20:19:33 +0200 (Thu, 25 Aug 2011) | 2 lines

minor bugfix to an attribute lookup

------------------------------------------------------------------------
r520 | jbothun@concentricsky.com | 2011-08-25 20:02:55 +0200 (Thu, 25 Aug 2011) | 2 lines

small bugfix to table drawing algorithm

------------------------------------------------------------------------
r519 | jbothun@concentricsky.com | 2011-08-25 05:32:02 +0200 (Thu, 25 Aug 2011) | 2 lines

modified XML is verified and prompted before conversion

------------------------------------------------------------------------
r518 | jbothun@concentricsky.com | 2011-08-22 22:21:17 +0200 (Mon, 22 Aug 2011) | 4 lines

Empty paths in XML_LIBRARY will be replaced with input source directory.

Automatic source directory checking removed.

------------------------------------------------------------------------
r517 | jbothun@concentricsky.com | 2011-08-20 04:15:35 +0200 (Sat, 20 Aug 2011) | 2 lines

bumped gui version number

------------------------------------------------------------------------
r516 | jbothun@concentricsky.com | 2011-08-20 04:09:19 +0200 (Sat, 20 Aug 2011) | 2 lines

using urljoin instead of os.path.join for network urls

------------------------------------------------------------------------
r515 | jbothun@concentricsky.com | 2011-08-20 03:37:30 +0200 (Sat, 20 Aug 2011) | 2 lines

editing functionality added

------------------------------------------------------------------------
r514 | jbothun@concentricsky.com | 2011-08-20 03:04:28 +0200 (Sat, 20 Aug 2011) | 2 lines

different label for 'semicolon' paths on windows platform

------------------------------------------------------------------------
r513 | jbothun@concentricsky.com | 2011-08-20 02:58:11 +0200 (Sat, 20 Aug 2011) | 2 lines

implemented new reference handling functionality in GUI

------------------------------------------------------------------------
r512 | jbothun@concentricsky.com | 2011-08-20 02:40:49 +0200 (Sat, 20 Aug 2011) | 2 lines

fixed a bug with dtds referenced by an absolute path

------------------------------------------------------------------------
r511 | jbothun@concentricsky.com | 2011-08-20 01:58:56 +0200 (Sat, 20 Aug 2011) | 2 lines

empty paths in XML_LIBRARY are not tried

------------------------------------------------------------------------
r510 | jbothun@concentricsky.com | 2011-08-20 01:37:28 +0200 (Sat, 20 Aug 2011) | 2 lines

overhauled reference resolution system to be much more robust

------------------------------------------------------------------------
r509 | jbothun@concentricsky.com | 2011-08-18 23:16:58 +0200 (Thu, 18 Aug 2011) | 2 lines

updated iref function for html writer

------------------------------------------------------------------------
r508 | jbothun@concentricsky.com | 2011-08-18 00:09:11 +0200 (Thu, 18 Aug 2011) | 2 lines

all original entity declarations preserved in expanded_xml writer

------------------------------------------------------------------------
r507 | jbothun@concentricsky.com | 2011-08-17 23:55:50 +0200 (Wed, 17 Aug 2011) | 2 lines

expanded xml writer will now preserve elements behind root node

------------------------------------------------------------------------
r506 | jbothun@concentricsky.com | 2011-08-17 20:06:52 +0200 (Wed, 17 Aug 2011) | 2 lines

bumped GUI to 0.6.1

------------------------------------------------------------------------
r505 | jbothun@concentricsky.com | 2011-08-17 19:59:37 +0200 (Wed, 17 Aug 2011) | 2 lines

added more verbose information to error dialogs in GUI

------------------------------------------------------------------------
r504 | jbothun@concentricsky.com | 2011-08-17 19:48:30 +0200 (Wed, 17 Aug 2011) | 2 lines

minor cosmetic tweaks

------------------------------------------------------------------------
r503 | jbothun@concentricsky.com | 2011-08-17 03:39:03 +0200 (Wed, 17 Aug 2011) | 14 lines

Major update to GUI listed below:

 - Batch queue removed
 - Source document is added from File > Open Source
 - Various new options in preferences and menus
 - Stderr/stdout views collapsed into one view
 - Output tabs are created/destroyed as needed
 - Multiple lines will now be highlighted for errors
 - Experimental support for clicking error 'links' in the console to jump to an error
 - Some persistence added to application temporary settings
 - Application takes an input file as an argument now
 - Version bumped to 0.6.0


------------------------------------------------------------------------
r502 | jbothun@concentricsky.com | 2011-08-16 19:57:00 +0200 (Tue, 16 Aug 2011) | 2 lines

combined output tabs into one tab, using html for coloring

------------------------------------------------------------------------
r501 | jbothun@concentricsky.com | 2011-08-16 19:20:14 +0200 (Tue, 16 Aug 2011) | 2 lines

improved install instructions

------------------------------------------------------------------------
r500 | jbothun@concentricsky.com | 2011-08-16 18:54:01 +0200 (Tue, 16 Aug 2011) | 2 lines

removed setup.cfg, install defaults to system again, added instructions in INSTALL

------------------------------------------------------------------------
r499 | jbothun@concentricsky.com | 2011-08-12 22:29:42 +0200 (Fri, 12 Aug 2011) | 2 lines

GUI is fully loaded from xml2rfc-gui script, __main__ boiler removed from main.py

------------------------------------------------------------------------
r498 | jbothun@concentricsky.com | 2011-08-12 19:14:48 +0200 (Fri, 12 Aug 2011) | 2 lines

removed setPlaceholderText call for QT 4.6 compatibility

------------------------------------------------------------------------
r497 | jbothun@concentricsky.com | 2011-08-12 04:02:32 +0200 (Fri, 12 Aug 2011) | 2 lines

updated build ui script to be more verbose

------------------------------------------------------------------------
r496 | jbothun@concentricsky.com | 2011-08-12 03:57:17 +0200 (Fri, 12 Aug 2011) | 2 lines

renamed launcher script without py extension

------------------------------------------------------------------------
r495 | jbothun@concentricsky.com | 2011-08-12 03:55:03 +0200 (Fri, 12 Aug 2011) | 2 lines

restructured project some, added a launcher script xml2rfc-gui

------------------------------------------------------------------------
r494 | jbothun@concentricsky.com | 2011-08-12 03:11:14 +0200 (Fri, 12 Aug 2011) | 2 lines

renamed src package to xml2rfc_gui

------------------------------------------------------------------------
r493 | jbothun@concentricsky.com | 2011-08-12 02:21:29 +0200 (Fri, 12 Aug 2011) | 2 lines

imported gui code into repo rooted at gui/

------------------------------------------------------------------------
r492 | jbothun@concentricsky.com | 2011-08-12 02:18:34 +0200 (Fri, 12 Aug 2011) | 2 lines

moved root tree to CLI

------------------------------------------------------------------------
r491 | jbothun@concentricsky.com | 2011-08-10 01:21:47 +0200 (Wed, 10 Aug 2011) | 2 lines

improved delete cache function

------------------------------------------------------------------------
r490 | jbothun@concentricsky.com | 2011-08-09 23:29:25 +0200 (Tue, 09 Aug 2011) | 2 lines

moved cache prefix definition to xml2rfc global

------------------------------------------------------------------------
r489 | jbothun@concentricsky.com | 2011-08-09 23:24:59 +0200 (Tue, 09 Aug 2011) | 2 lines

caches now reside in a subdirectory for safe deletion

------------------------------------------------------------------------
r488 | jbothun@concentricsky.com | 2011-08-09 21:35:39 +0200 (Tue, 09 Aug 2011) | 2 lines

template path can now be explicitly set in the parser, needed for GUI app

------------------------------------------------------------------------
r487 | jbothun@concentricsky.com | 2011-08-07 00:42:04 +0200 (Sun, 07 Aug 2011) | 2 lines

better safety on cache directory checking

------------------------------------------------------------------------
r486 | jbothun@concentricsky.com | 2011-08-06 01:00:32 +0200 (Sat, 06 Aug 2011) | 2 lines

templates will check sys.executable after library directory

------------------------------------------------------------------------
r485 | jbothun@concentricsky.com | 2011-08-05 22:30:53 +0200 (Fri, 05 Aug 2011) | 2 lines

processing instructions are now handled in children of sections, t's, and lists.

------------------------------------------------------------------------
r484 | jbothun@concentricsky.com | 2011-08-05 01:46:20 +0200 (Fri, 05 Aug 2011) | 2 lines

iref uses a delayed write similar to ToC so that page numbers are inserted correctly

------------------------------------------------------------------------
r481 | jbothun@concentricsky.com | 2011-08-04 03:08:34 +0200 (Thu, 04 Aug 2011) | 2 lines

.dtd and .ent requests both look in templates/ if not found

------------------------------------------------------------------------
