------------------------------------------------------------------------
r465 | jbothun@concentricsky.com | 2011-07-29 23:26:32 +0200 (Fri, 29 Jul 2011) | 2 lines

bumped version number to 2.0.0

------------------------------------------------------------------------
r464 | jbothun@concentricsky.com | 2011-07-29 20:46:29 +0200 (Fri, 29 Jul 2011) | 2 lines

warnings will not be printed if quiet is enabled now

------------------------------------------------------------------------
r463 | jbothun@concentricsky.com | 2011-07-29 20:18:12 +0200 (Fri, 29 Jul 2011) | 2 lines

added paging information for iref index

------------------------------------------------------------------------
r462 | jbothun@concentricsky.com | 2011-07-29 19:42:01 +0200 (Fri, 29 Jul 2011) | 2 lines

added iref_index rendering to text writer

------------------------------------------------------------------------
r461 | jbothun@concentricsky.com | 2011-07-29 01:51:48 +0200 (Fri, 29 Jul 2011) | 2 lines

fixed typo bug on int conversion

------------------------------------------------------------------------
r460 | jbothun@concentricsky.com | 2011-07-29 01:28:13 +0200 (Fri, 29 Jul 2011) | 4 lines

includes use the same 404 system

using IOError instead of base exception

------------------------------------------------------------------------
r459 | jbothun@concentricsky.com | 2011-07-29 01:18:24 +0200 (Fri, 29 Jul 2011) | 2 lines

404's in entity url's throw errors

------------------------------------------------------------------------
r458 | jbothun@concentricsky.com | 2011-07-29 00:39:16 +0200 (Fri, 29 Jul 2011) | 2 lines

added optional background image in HTML template

------------------------------------------------------------------------
r457 | jbothun@concentricsky.com | 2011-07-29 00:02:58 +0200 (Fri, 29 Jul 2011) | 2 lines

added a force break method to paginated text writer

------------------------------------------------------------------------
r456 | jbothun@concentricsky.com | 2011-07-28 23:39:47 +0200 (Thu, 28 Jul 2011) | 2 lines

support xref/iref/eref/spanx in HTML table cells

------------------------------------------------------------------------
r455 | jbothun@concentricsky.com | 2011-07-28 22:53:00 +0200 (Thu, 28 Jul 2011) | 2 lines

appendix subcounters use numbers

------------------------------------------------------------------------
r454 | jbothun@concentricsky.com | 2011-07-28 20:53:39 +0200 (Thu, 28 Jul 2011) | 2 lines

fixed defaulting to current directory for an entity request

------------------------------------------------------------------------
r453 | jbothun@concentricsky.com | 2011-07-28 20:44:43 +0200 (Thu, 28 Jul 2011) | 4 lines

entity 'system' requests behave like include instructions:

first it will consult XML_LIBRARY, defaulting to the input directory of the xml file.

------------------------------------------------------------------------
r452 | jbothun@concentricsky.com | 2011-07-28 20:32:42 +0200 (Thu, 28 Jul 2011) | 2 lines

html writer writes to a utf-8 file

------------------------------------------------------------------------
r451 | jbothun@concentricsky.com | 2011-07-28 20:26:53 +0200 (Thu, 28 Jul 2011) | 2 lines

improved some more defaults

------------------------------------------------------------------------
r450 | jbothun@concentricsky.com | 2011-07-28 20:12:05 +0200 (Thu, 28 Jul 2011) | 2 lines

added safelookup for texttable align attribute

------------------------------------------------------------------------
r449 | jbothun@concentricsky.com | 2011-07-28 20:04:33 +0200 (Thu, 28 Jul 2011) | 2 lines

if no dtd is specified, the document will default to rfc2629.dtd

------------------------------------------------------------------------
r448 | jbothun@concentricsky.com | 2011-07-28 19:53:57 +0200 (Thu, 28 Jul 2011) | 4 lines

reimplemented parts of the html writer using templates, added template files

bumped version to 0.5.1

------------------------------------------------------------------------
